> Task :compileTestKotlin FAILED
e: src/test/java/travelator/tablereader/TableReaderAcceptanceTests.kt: (34, 26): Unresolved reference. None of the following candidates is applicable because of receiver type mismatch: 
public inline fun <T, R> Array<out TypeVariable(T)>.map(transform: (TypeVariable(T)) -> TypeVariable(R)): List<TypeVariable(R)> defined in kotlin.collections
public inline fun <R> BooleanArray.map(transform: (Boolean) -> TypeVariable(R)): List<TypeVariable(R)> defined in kotlin.collections
public inline fun <R> ByteArray.map(transform: (Byte) -> TypeVariable(R)): List<TypeVariable(R)> defined in kotlin.collections
public inline fun <R> CharArray.map(transform: (Char) -> TypeVariable(R)): List<TypeVariable(R)> defined in kotlin.collections
public inline fun <R> CharSequence.map(transform: (Char) -> TypeVariable(R)): List<TypeVariable(R)> defined in kotlin.text
public inline fun <R> DoubleArray.map(transform: (Double) -> TypeVariable(R)): List<TypeVariable(R)> defined in kotlin.collections
public inline fun <R> FloatArray.map(transform: (Float) -> TypeVariable(R)): List<TypeVariable(R)> defined in kotlin.collections
public inline fun <R> IntArray.map(transform: (Int) -> TypeVariable(R)): List<TypeVariable(R)> defined in kotlin.collections
public inline fun <R> LongArray.map(transform: (Long) -> TypeVariable(R)): List<TypeVariable(R)> defined in kotlin.collections
public inline fun <R, T> Result<TypeVariable(T)>.map(transform: (value: TypeVariable(T)) -> TypeVariable(R)): Result<TypeVariable(R)> defined in kotlin
public inline fun <R> ShortArray.map(transform: (Short) -> TypeVariable(R)): List<TypeVariable(R)> defined in kotlin.collections
public inline fun <R> UByteArray.map(transform: (UByte) -> TypeVariable(R)): List<TypeVariable(R)> defined in kotlin.collections
public inline fun <R> UIntArray.map(transform: (UInt) -> TypeVariable(R)): List<TypeVariable(R)> defined in kotlin.collections
public inline fun <R> ULongArray.map(transform: (ULong) -> TypeVariable(R)): List<TypeVariable(R)> defined in kotlin.collections
public inline fun <R> UShortArray.map(transform: (UShort) -> TypeVariable(R)): List<TypeVariable(R)> defined in kotlin.collections
public inline fun <T, R> Iterable<TypeVariable(T)>.map(transform: (TypeVariable(T)) -> TypeVariable(R)): List<TypeVariable(R)> defined in kotlin.collections
public inline fun <K, V, R> Map<out TypeVariable(K), TypeVariable(V)>.map(transform: (Map.Entry<TypeVariable(K), TypeVariable(V)>) -> TypeVariable(R)): List<TypeVariable(R)> defined in kotlin.collections
public fun <T, R> Sequence<TypeVariable(T)>.map(transform: (TypeVariable(T)) -> TypeVariable(R)): Sequence<TypeVariable(R)> defined in kotlin.sequences

