building with Kotlin 1.4.0
TrackingTests > throws_when_more_than_one_simultaneous_booked_trip()
TrackingTests > returns_single_booked_trip()
TrackingTests > returns_single_active_booked_trip()
TrackingTests > returns_only_customers_trip()
Run with --stacktrace option to get the stack trace. Run with --info or --debug option to get more log output. Run with --scan to get full insights.
FAILURE: Build failed with an exception.
Execution failed for task ':test'.
> There were failing tests. See the report at: file://build/reports/tests/test/index.html
> Task :testClasses
> Task :test
> Task :processTestResources
> Task :processResources
> Task :compileTestKotlin
> Task :compileTestJava
> Task :compileKotlin
> Task :compileJava
> Task :clean
> Task :classes
> Configure project :
7 tests completed, 4 failed
* What went wrong:
* Try:
* Get more help at https://help.gradle.org
    org.opentest4j.AssertionFailedError at TrackingTests.java:75
    org.opentest4j.AssertionFailedError at TrackingTests.java:63
    org.opentest4j.AssertionFailedError at TrackingTests.java:51
    org.opentest4j.AssertionFailedError at TrackingTests.java:38

